
-----------------------------------------
时间:2017-11-02 14:03:43,476 
级别:FATAL 
类名:AICWPF.App
文件:D:\SupportProject\AIC_HUD\AICHUD\AICWPF\App.xaml.cs 第37行
日志内容:System.InvalidOperationException: 无法在“System.Windows.Controls.ControlTemplate”的名称领域内找到“grid”名称。
   在 System.Windows.Media.Animation.Storyboard.ResolveTargetName(String targetName, INameScope nameScope, DependencyObject element)
   在 System.Windows.Media.Animation.Storyboard.ClockTreeWalkRecursive(Clock currentClock, DependencyObject containingObject, INameScope nameScope, DependencyObject parentObject, String parentObjectName, PropertyPath parentPropertyPath, HandoffBehavior handoffBehavior, HybridDictionary clockMappings, Int64 layer)
   在 System.Windows.Media.Animation.Storyboard.ClockTreeWalkRecursive(Clock currentClock, DependencyObject containingObject, INameScope nameScope, DependencyObject parentObject, String parentObjectName, PropertyPath parentPropertyPath, HandoffBehavior handoffBehavior, HybridDictionary clockMappings, Int64 layer)
   在 System.Windows.Media.Animation.Storyboard.BeginCommon(DependencyObject containingObject, INameScope nameScope, HandoffBehavior handoffBehavior, Boolean isControllable, Int64 layer)
   在 System.Windows.Media.Animation.BeginStoryboard.Begin(DependencyObject targetObject, INameScope nameScope, Int64 layer)
   在 System.Windows.Media.Animation.BeginStoryboard.Invoke(FrameworkElement fe, FrameworkContentElement fce, Style targetStyle, FrameworkTemplate frameworkTemplate, Int64 layer)
   在 System.Windows.StyleHelper.InvokeEventTriggerActions(FrameworkElement fe, FrameworkContentElement fce, Style ownerStyle, FrameworkTemplate frameworkTemplate, Int32 childIndex, RoutedEvent Event)
   在 System.Windows.StyleHelper.ExecuteEventTriggerActionsOnContainer(Object sender, RoutedEventArgs e)
   在 System.Windows.RoutedEventHandlerInfo.InvokeHandler(Object target, RoutedEventArgs routedEventArgs)
   在 System.Windows.EventRoute.InvokeHandlersImpl(Object source, RoutedEventArgs args, Boolean reRaised)
   在 System.Windows.UIElement.RaiseEventImpl(DependencyObject sender, RoutedEventArgs args)
   在 System.Windows.UIElement.RaiseEvent(RoutedEventArgs e)
   在 System.Windows.BroadcastEventHelper.BroadcastEvent(DependencyObject root, RoutedEvent routedEvent)
   在 System.Windows.BroadcastEventHelper.BroadcastLoadedEvent(Object root)
   在 MS.Internal.LoadedOrUnloadedOperation.DoWork()
   在 System.Windows.Media.MediaContext.FireLoadedPendingCallbacks()
   在 System.Windows.Media.MediaContext.FireInvokeOnRenderCallbacks()
   在 System.Windows.Media.MediaContext.RenderMessageHandlerCore(Object resizedCompositionTarget)
   在 System.Windows.Media.MediaContext.RenderMessageHandler(Object resizedCompositionTarget)
   在 System.Windows.Threading.ExceptionWrapper.InternalRealCall(Delegate callback, Object args, Int32 numArgs)
   在 System.Windows.Threading.ExceptionWrapper.TryCatchWhen(Object source, Delegate callback, Object args, Int32 numArgs, Delegate catchHandler)
-----------------------------------------


-----------------------------------------
时间:2017-11-02 14:08:25,515 
级别:ERROR 
类名:AIC.DatabaseService.LoginUserService
文件:D:\SupportProject\AIC_HUD\AICHUD\AIC.DatabaseService\LoginUserService.cs 第281行
日志内容:在线监测-趋势
-----------------------------------------

System.InvalidOperationException: 序列不包含任何元素
   在 System.Linq.Enumerable.Max(IEnumerable`1 source)
   在 AIC.OnLineDataPage.Views.SubViews.RMSTrendChartView.<InitDataChart>d__6.MoveNext() 位置 D:\SupportProject\AIC_HUD\AICHUD\AIC.OnLineDataPage\Views\SubViews\RMSTrendChartView.xaml.cs:行号 154
