
-----------------------------------------
时间:2017-11-03 10:18:15,589 
级别:ERROR 
类名:CitizenSoftwareLib.Network.Socket.TCPClient
文件:D:\SupportProject\AIC_HUD\AICHUD\AIC9600Client\CitizenSoftwareLib.Network\Socket\TCPClient.cs 第98行
日志内容:System.Net.Sockets.SocketException (0x80004005): 由于连接方在一段时间后没有正确答复或连接的主机没有反应，连接尝试失败。 139.129.213.240:9601
   在 System.Net.Sockets.TcpClient.Connect(String hostname, Int32 port)
   在 CitizenSoftwareLib.Network.Socket.TCPClient.ThreadConnect(Object obj) 位置 D:\SupportProject\AIC_HUD\AICHUD\AIC9600Client\CitizenSoftwareLib.Network\Socket\TCPClient.cs:行号 94
-----------------------------------------


-----------------------------------------
时间:2017-11-03 10:18:23,682 
级别:ERROR 
类名:AIC.DatabaseService.LoginUserService
文件:D:\SupportProject\AIC_HUD\AICHUD\AIC.DatabaseService\LoginUserService.cs 第281行
日志内容:数据库操作
-----------------------------------------

System.Exception: 请确定服务器正常#System.NullReferenceException: 未将对象引用设置到对象的实例。
   在 AIC.M9600.Client.DataProvider.NetworkTransfer.DoTransferReturnDataTexts(TCPMessage request) 位置 D:\SupportProject\AIC_HUD\AICHUD\AIC9600Client\AIC.M9600.Client.DataProvider\NetworkTransfer.cs:行号 215
   在 AIC.M9600.Client.DataProvider.NetworkTransfer.Query(String tableName, ICollection`1 columns, String condition, Object[] args) 位置 D:\SupportProject\AIC_HUD\AICHUD\AIC9600Client\AIC.M9600.Client.DataProvider\NetworkTransfer.cs:行号 42
   在 AIC.M9600.Client.DataProvider.DataProvider.Query[T](ICollection`1 columns, String condition, Object[] args) 位置 D:\SupportProject\AIC_HUD\AICHUD\AIC9600Client\AIC.M9600.Client.DataProvider\DataProvider.cs:行号 49

-----------------------------------------
时间:2017-11-03 10:22:06,617 
级别:ERROR 
类名:CitizenSoftwareLib.Network.Socket.TCPClient
文件:D:\SupportProject\AIC_HUD\AICHUD\AIC9600Client\CitizenSoftwareLib.Network\Socket\TCPClient.cs 第98行
日志内容:System.Net.Sockets.SocketException (0x80004005): 由于连接方在一段时间后没有正确答复或连接的主机没有反应，连接尝试失败。 139.129.213.240:9601
   在 System.Net.Sockets.TcpClient.Connect(String hostname, Int32 port)
   在 CitizenSoftwareLib.Network.Socket.TCPClient.ThreadConnect(Object obj) 位置 D:\SupportProject\AIC_HUD\AICHUD\AIC9600Client\CitizenSoftwareLib.Network\Socket\TCPClient.cs:行号 94
-----------------------------------------


-----------------------------------------
时间:2017-11-03 10:22:14,683 
级别:ERROR 
类名:AIC.DatabaseService.LoginUserService
文件:D:\SupportProject\AIC_HUD\AICHUD\AIC.DatabaseService\LoginUserService.cs 第281行
日志内容:数据库操作
-----------------------------------------

System.Exception: 请确定服务器正常#System.NullReferenceException: 未将对象引用设置到对象的实例。
   在 AIC.M9600.Client.DataProvider.NetworkTransfer.DoTransferReturnDataTexts(TCPMessage request) 位置 D:\SupportProject\AIC_HUD\AICHUD\AIC9600Client\AIC.M9600.Client.DataProvider\NetworkTransfer.cs:行号 215
   在 AIC.M9600.Client.DataProvider.NetworkTransfer.Query(String tableName, ICollection`1 columns, String condition, Object[] args) 位置 D:\SupportProject\AIC_HUD\AICHUD\AIC9600Client\AIC.M9600.Client.DataProvider\NetworkTransfer.cs:行号 42
   在 AIC.M9600.Client.DataProvider.DataProvider.Query[T](ICollection`1 columns, String condition, Object[] args) 位置 D:\SupportProject\AIC_HUD\AICHUD\AIC9600Client\AIC.M9600.Client.DataProvider\DataProvider.cs:行号 49

-----------------------------------------
时间:2017-11-03 11:19:46,411 
级别:ERROR 
类名:AIC.DatabaseService.LoginUserService
文件:D:\SupportProject\AIC_HUD\AICHUD\AIC.DatabaseService\LoginUserService.cs 第281行
日志内容:用户登录
-----------------------------------------

System.Exception: 引发类型为“System.Exception”的异常。

-----------------------------------------
时间:2017-11-03 11:24:00,377 
级别:FATAL 
类名:AICWPF.App
文件:D:\SupportProject\AIC_HUD\AICHUD\AICWPF\App.xaml.cs 第37行
日志内容:System.InvalidOperationException: 无法在“System.Windows.Controls.ControlTemplate”的名称领域内找到“grid”名称。
   在 System.Windows.Media.Animation.Storyboard.ResolveTargetName(String targetName, INameScope nameScope, DependencyObject element)
   在 System.Windows.Media.Animation.Storyboard.ClockTreeWalkRecursive(Clock currentClock, DependencyObject containingObject, INameScope nameScope, DependencyObject parentObject, String parentObjectName, PropertyPath parentPropertyPath, HandoffBehavior handoffBehavior, HybridDictionary clockMappings, Int64 layer)
   在 System.Windows.Media.Animation.Storyboard.ClockTreeWalkRecursive(Clock currentClock, DependencyObject containingObject, INameScope nameScope, DependencyObject parentObject, String parentObjectName, PropertyPath parentPropertyPath, HandoffBehavior handoffBehavior, HybridDictionary clockMappings, Int64 layer)
   在 System.Windows.Media.Animation.Storyboard.BeginCommon(DependencyObject containingObject, INameScope nameScope, HandoffBehavior handoffBehavior, Boolean isControllable, Int64 layer)
   在 System.Windows.Media.Animation.BeginStoryboard.Begin(DependencyObject targetObject, INameScope nameScope, Int64 layer)
   在 System.Windows.Media.Animation.BeginStoryboard.Invoke(FrameworkElement fe, FrameworkContentElement fce, Style targetStyle, FrameworkTemplate frameworkTemplate, Int64 layer)
   在 System.Windows.StyleHelper.InvokeEventTriggerActions(FrameworkElement fe, FrameworkContentElement fce, Style ownerStyle, FrameworkTemplate frameworkTemplate, Int32 childIndex, RoutedEvent Event)
   在 System.Windows.StyleHelper.ExecuteEventTriggerActionsOnContainer(Object sender, RoutedEventArgs e)
   在 System.Windows.RoutedEventHandlerInfo.InvokeHandler(Object target, RoutedEventArgs routedEventArgs)
   在 System.Windows.EventRoute.InvokeHandlersImpl(Object source, RoutedEventArgs args, Boolean reRaised)
   在 System.Windows.UIElement.RaiseEventImpl(DependencyObject sender, RoutedEventArgs args)
   在 System.Windows.UIElement.RaiseEvent(RoutedEventArgs e)
   在 System.Windows.BroadcastEventHelper.BroadcastEvent(DependencyObject root, RoutedEvent routedEvent)
   在 System.Windows.BroadcastEventHelper.BroadcastLoadedEvent(Object root)
   在 MS.Internal.LoadedOrUnloadedOperation.DoWork()
   在 System.Windows.Media.MediaContext.FireLoadedPendingCallbacks()
   在 System.Windows.Media.MediaContext.FireInvokeOnRenderCallbacks()
   在 System.Windows.Media.MediaContext.RenderMessageHandlerCore(Object resizedCompositionTarget)
   在 System.Windows.Media.MediaContext.AnimatedRenderMessageHandler(Object resizedCompositionTarget)
   在 System.Windows.Threading.ExceptionWrapper.InternalRealCall(Delegate callback, Object args, Int32 numArgs)
   在 System.Windows.Threading.ExceptionWrapper.TryCatchWhen(Object source, Delegate callback, Object args, Int32 numArgs, Delegate catchHandler)
-----------------------------------------

