
-----------------------------------------
时间:2017-11-08 09:00:32,868 
级别:FATAL 
类名:AICAir.MyApp
文件:D:\SupportProject\AIC_HUD\AICHUD\AICAir\MyApp.xaml.cs 第47行
日志内容:System.InvalidOperationException: 无法在“System.Windows.Controls.ControlTemplate”的名称领域内找到“grid”名称。
   在 System.Windows.Media.Animation.Storyboard.ResolveTargetName(String targetName, INameScope nameScope, DependencyObject element)
   在 System.Windows.Media.Animation.Storyboard.ClockTreeWalkRecursive(Clock currentClock, DependencyObject containingObject, INameScope nameScope, DependencyObject parentObject, String parentObjectName, PropertyPath parentPropertyPath, HandoffBehavior handoffBehavior, HybridDictionary clockMappings, Int64 layer)
   在 System.Windows.Media.Animation.Storyboard.ClockTreeWalkRecursive(Clock currentClock, DependencyObject containingObject, INameScope nameScope, DependencyObject parentObject, String parentObjectName, PropertyPath parentPropertyPath, HandoffBehavior handoffBehavior, HybridDictionary clockMappings, Int64 layer)
   在 System.Windows.Media.Animation.Storyboard.BeginCommon(DependencyObject containingObject, INameScope nameScope, HandoffBehavior handoffBehavior, Boolean isControllable, Int64 layer)
   在 System.Windows.Media.Animation.BeginStoryboard.Begin(DependencyObject targetObject, INameScope nameScope, Int64 layer)
   在 System.Windows.Media.Animation.BeginStoryboard.Invoke(FrameworkElement fe, FrameworkContentElement fce, Style targetStyle, FrameworkTemplate frameworkTemplate, Int64 layer)
   在 System.Windows.StyleHelper.InvokeEventTriggerActions(FrameworkElement fe, FrameworkContentElement fce, Style ownerStyle, FrameworkTemplate frameworkTemplate, Int32 childIndex, RoutedEvent Event)
   在 System.Windows.StyleHelper.ExecuteEventTriggerActionsOnContainer(Object sender, RoutedEventArgs e)
   在 System.Windows.RoutedEventHandlerInfo.InvokeHandler(Object target, RoutedEventArgs routedEventArgs)
   在 System.Windows.EventRoute.InvokeHandlersImpl(Object source, RoutedEventArgs args, Boolean reRaised)
   在 System.Windows.UIElement.RaiseEventImpl(DependencyObject sender, RoutedEventArgs args)
   在 System.Windows.UIElement.RaiseEvent(RoutedEventArgs e)
   在 System.Windows.BroadcastEventHelper.BroadcastEvent(DependencyObject root, RoutedEvent routedEvent)
   在 System.Windows.BroadcastEventHelper.BroadcastLoadedEvent(Object root)
   在 MS.Internal.LoadedOrUnloadedOperation.DoWork()
   在 System.Windows.Media.MediaContext.FireLoadedPendingCallbacks()
   在 System.Windows.Media.MediaContext.FireInvokeOnRenderCallbacks()
   在 System.Windows.Media.MediaContext.RenderMessageHandlerCore(Object resizedCompositionTarget)
   在 System.Windows.Media.MediaContext.RenderMessageHandler(Object resizedCompositionTarget)
   在 System.Windows.Threading.ExceptionWrapper.InternalRealCall(Delegate callback, Object args, Int32 numArgs)
   在 System.Windows.Threading.ExceptionWrapper.TryCatchWhen(Object source, Delegate callback, Object args, Int32 numArgs, Delegate catchHandler)
-----------------------------------------


-----------------------------------------
时间:2017-11-08 09:09:53,098 
级别:FATAL 
类名:AICAir.MyApp
文件:D:\SupportProject\AIC_HUD\AICHUD\AICAir\MyApp.xaml.cs 第47行
日志内容:System.InvalidOperationException: 无法在“System.Windows.Controls.ControlTemplate”的名称领域内找到“grid”名称。
   在 System.Windows.Media.Animation.Storyboard.ResolveTargetName(String targetName, INameScope nameScope, DependencyObject element)
   在 System.Windows.Media.Animation.Storyboard.ClockTreeWalkRecursive(Clock currentClock, DependencyObject containingObject, INameScope nameScope, DependencyObject parentObject, String parentObjectName, PropertyPath parentPropertyPath, HandoffBehavior handoffBehavior, HybridDictionary clockMappings, Int64 layer)
   在 System.Windows.Media.Animation.Storyboard.ClockTreeWalkRecursive(Clock currentClock, DependencyObject containingObject, INameScope nameScope, DependencyObject parentObject, String parentObjectName, PropertyPath parentPropertyPath, HandoffBehavior handoffBehavior, HybridDictionary clockMappings, Int64 layer)
   在 System.Windows.Media.Animation.Storyboard.BeginCommon(DependencyObject containingObject, INameScope nameScope, HandoffBehavior handoffBehavior, Boolean isControllable, Int64 layer)
   在 System.Windows.Media.Animation.BeginStoryboard.Begin(DependencyObject targetObject, INameScope nameScope, Int64 layer)
   在 System.Windows.Media.Animation.BeginStoryboard.Invoke(FrameworkElement fe, FrameworkContentElement fce, Style targetStyle, FrameworkTemplate frameworkTemplate, Int64 layer)
   在 System.Windows.StyleHelper.InvokeEventTriggerActions(FrameworkElement fe, FrameworkContentElement fce, Style ownerStyle, FrameworkTemplate frameworkTemplate, Int32 childIndex, RoutedEvent Event)
   在 System.Windows.StyleHelper.ExecuteEventTriggerActionsOnContainer(Object sender, RoutedEventArgs e)
   在 System.Windows.RoutedEventHandlerInfo.InvokeHandler(Object target, RoutedEventArgs routedEventArgs)
   在 System.Windows.EventRoute.InvokeHandlersImpl(Object source, RoutedEventArgs args, Boolean reRaised)
   在 System.Windows.UIElement.RaiseEventImpl(DependencyObject sender, RoutedEventArgs args)
   在 System.Windows.UIElement.RaiseEvent(RoutedEventArgs e)
   在 System.Windows.BroadcastEventHelper.BroadcastEvent(DependencyObject root, RoutedEvent routedEvent)
   在 System.Windows.BroadcastEventHelper.BroadcastLoadedEvent(Object root)
   在 MS.Internal.LoadedOrUnloadedOperation.DoWork()
   在 System.Windows.Media.MediaContext.FireLoadedPendingCallbacks()
   在 System.Windows.Media.MediaContext.FireInvokeOnRenderCallbacks()
   在 System.Windows.Media.MediaContext.RenderMessageHandlerCore(Object resizedCompositionTarget)
   在 System.Windows.Media.MediaContext.AnimatedRenderMessageHandler(Object resizedCompositionTarget)
   在 System.Windows.Threading.ExceptionWrapper.InternalRealCall(Delegate callback, Object args, Int32 numArgs)
   在 System.Windows.Threading.ExceptionWrapper.TryCatchWhen(Object source, Delegate callback, Object args, Int32 numArgs, Delegate catchHandler)
-----------------------------------------


-----------------------------------------
时间:2017-11-08 10:54:46,637 
级别:ERROR 
类名:AIC.DatabaseService.LoginUserService
文件:D:\SupportProject\AIC_HUD\AICHUD\AIC.DatabaseService\LoginUserService.cs 第288行
日志内容:登录异常
-----------------------------------------

System.Exception: 数据库初始化失败 ---> System.Collections.Generic.KeyNotFoundException: 给定关键字不在字典中。
   在 System.Collections.Generic.Dictionary`2.get_Item(TKey key)
   在 AIC.DatabaseService.DatabaseComponent.<LoadHardwave>d__54.MoveNext() 位置 D:\SupportProject\AIC_HUD\AICHUD\AIC.DatabaseService\DatabaseComponent.cs:行号 373
   --- 内部异常堆栈跟踪的结尾 ---
   在 AIC.DatabaseService.DatabaseComponent.<LoadHardwave>d__54.MoveNext() 位置 D:\SupportProject\AIC_HUD\AICHUD\AIC.DatabaseService\DatabaseComponent.cs:行号 377
--- 引发异常的上一位置中堆栈跟踪的末尾 ---
   在 System.Runtime.CompilerServices.TaskAwaiter.ThrowForNonSuccess(Task task)
   在 System.Runtime.CompilerServices.TaskAwaiter.HandleNonSuccessAndDebuggerNotification(Task task)
   在 System.Runtime.CompilerServices.TaskAwaiter.GetResult()
   在 AIC.DatabaseService.LoginUserService.<LazyLoading>d__25.MoveNext() 位置 D:\SupportProject\AIC_HUD\AICHUD\AIC.DatabaseService\LoginUserService.cs:行号 174
--- 引发异常的上一位置中堆栈跟踪的末尾 ---
   在 System.Runtime.CompilerServices.TaskAwaiter.ThrowForNonSuccess(Task task)
   在 System.Runtime.CompilerServices.TaskAwaiter.HandleNonSuccessAndDebuggerNotification(Task task)
   在 System.Runtime.CompilerServices.TaskAwaiter.GetResult()
   在 AIC.HomePage.ViewModels.LoginViewModel.<LoginManage_LoginChanged>d__24.MoveNext() 位置 D:\SupportProject\AIC_HUD\AICHUD\AIC.HomePage\ViewModels\LoginViewModel.cs:行号 130

-----------------------------------------
时间:2017-11-08 10:54:46,650 
级别:ERROR 
类名:AIC.DatabaseService.LoginUserService
文件:D:\SupportProject\AIC_HUD\AICHUD\AIC.DatabaseService\LoginUserService.cs 第288行
日志内容:mscorlib
-----------------------------------------

System.Collections.Generic.KeyNotFoundException: 给定关键字不在字典中。
   在 System.Collections.Generic.Dictionary`2.get_Item(TKey key)
   在 AIC.DatabaseService.DatabaseComponent.<LoadHardwave>d__54.MoveNext() 位置 D:\SupportProject\AIC_HUD\AICHUD\AIC.DatabaseService\DatabaseComponent.cs:行号 373

-----------------------------------------
时间:2017-11-08 10:54:53,911 
级别:ERROR 
类名:AIC.DatabaseService.LoginUserService
文件:D:\SupportProject\AIC_HUD\AICHUD\AIC.DatabaseService\LoginUserService.cs 第288行
日志内容:登录异常
-----------------------------------------

System.Collections.Generic.KeyNotFoundException: 给定关键字不在字典中。
   在 System.Collections.Generic.Dictionary`2.get_Item(TKey key)
   在 AIC.DatabaseService.DatabaseComponent.<LoadDeviceData>d__49.MoveNext() 位置 D:\SupportProject\AIC_HUD\AICHUD\AIC.DatabaseService\DatabaseComponent.cs:行号 269
--- 引发异常的上一位置中堆栈跟踪的末尾 ---
   在 System.Runtime.CompilerServices.TaskAwaiter.ThrowForNonSuccess(Task task)
   在 System.Runtime.CompilerServices.TaskAwaiter.HandleNonSuccessAndDebuggerNotification(Task task)
   在 System.Runtime.CompilerServices.TaskAwaiter.GetResult()
   在 AIC.DatabaseService.LoginUserService.<SetUserLogin>d__23.MoveNext() 位置 D:\SupportProject\AIC_HUD\AICHUD\AIC.DatabaseService\LoginUserService.cs:行号 82
--- 引发异常的上一位置中堆栈跟踪的末尾 ---
   在 System.Runtime.CompilerServices.TaskAwaiter.ThrowForNonSuccess(Task task)
   在 System.Runtime.CompilerServices.TaskAwaiter.HandleNonSuccessAndDebuggerNotification(Task task)
   在 System.Runtime.CompilerServices.TaskAwaiter.GetResult()
   在 AIC.HomePage.ViewModels.LoginViewModel.<LoginManage_LoginChanged>d__24.MoveNext() 位置 D:\SupportProject\AIC_HUD\AICHUD\AIC.HomePage\ViewModels\LoginViewModel.cs:行号 126

-----------------------------------------
时间:2017-11-08 10:54:55,157 
级别:ERROR 
类名:AIC.DatabaseService.LoginUserService
文件:D:\SupportProject\AIC_HUD\AICHUD\AIC.DatabaseService\LoginUserService.cs 第288行
日志内容:登录异常
-----------------------------------------

System.Exception: 数据库初始化失败 ---> System.Collections.Generic.KeyNotFoundException: 给定关键字不在字典中。
   在 System.Collections.Generic.Dictionary`2.get_Item(TKey key)
   在 AIC.DatabaseService.DatabaseComponent.<LoadHardwave>d__54.MoveNext() 位置 D:\SupportProject\AIC_HUD\AICHUD\AIC.DatabaseService\DatabaseComponent.cs:行号 373
   --- 内部异常堆栈跟踪的结尾 ---
   在 AIC.DatabaseService.DatabaseComponent.<LoadHardwave>d__54.MoveNext() 位置 D:\SupportProject\AIC_HUD\AICHUD\AIC.DatabaseService\DatabaseComponent.cs:行号 377
--- 引发异常的上一位置中堆栈跟踪的末尾 ---
   在 System.Runtime.CompilerServices.TaskAwaiter.ThrowForNonSuccess(Task task)
   在 System.Runtime.CompilerServices.TaskAwaiter.HandleNonSuccessAndDebuggerNotification(Task task)
   在 System.Runtime.CompilerServices.TaskAwaiter.GetResult()
   在 AIC.DatabaseService.LoginUserService.<LazyLoading>d__25.MoveNext() 位置 D:\SupportProject\AIC_HUD\AICHUD\AIC.DatabaseService\LoginUserService.cs:行号 174
--- 引发异常的上一位置中堆栈跟踪的末尾 ---
   在 System.Runtime.CompilerServices.TaskAwaiter.ThrowForNonSuccess(Task task)
   在 System.Runtime.CompilerServices.TaskAwaiter.HandleNonSuccessAndDebuggerNotification(Task task)
   在 System.Runtime.CompilerServices.TaskAwaiter.GetResult()
   在 AIC.HomePage.ViewModels.MainRegionViewModel.<LoginManage_LoginChanged>d__164.MoveNext() 位置 D:\SupportProject\AIC_HUD\AICHUD\AIC.HomePage\ViewModels\MainRegionViewModel.cs:行号 619

-----------------------------------------
时间:2017-11-08 10:54:55,158 
级别:ERROR 
类名:AIC.DatabaseService.LoginUserService
文件:D:\SupportProject\AIC_HUD\AICHUD\AIC.DatabaseService\LoginUserService.cs 第288行
日志内容:mscorlib
-----------------------------------------

System.Collections.Generic.KeyNotFoundException: 给定关键字不在字典中。
   在 System.Collections.Generic.Dictionary`2.get_Item(TKey key)
   在 AIC.DatabaseService.DatabaseComponent.<LoadHardwave>d__54.MoveNext() 位置 D:\SupportProject\AIC_HUD\AICHUD\AIC.DatabaseService\DatabaseComponent.cs:行号 373

-----------------------------------------
时间:2017-11-08 10:55:13,356 
级别:ERROR 
类名:AIC.DatabaseService.LoginUserService
文件:D:\SupportProject\AIC_HUD\AICHUD\AIC.DatabaseService\LoginUserService.cs 第288行
日志内容:登录异常
-----------------------------------------

System.Exception: 数据库初始化失败 ---> System.Collections.Generic.KeyNotFoundException: 给定关键字不在字典中。
   在 System.Collections.Generic.Dictionary`2.get_Item(TKey key)
   在 AIC.DatabaseService.DatabaseComponent.<LoadHardwave>d__54.MoveNext() 位置 D:\SupportProject\AIC_HUD\AICHUD\AIC.DatabaseService\DatabaseComponent.cs:行号 373
   --- 内部异常堆栈跟踪的结尾 ---
   在 AIC.DatabaseService.DatabaseComponent.<LoadHardwave>d__54.MoveNext() 位置 D:\SupportProject\AIC_HUD\AICHUD\AIC.DatabaseService\DatabaseComponent.cs:行号 377
--- 引发异常的上一位置中堆栈跟踪的末尾 ---
   在 System.Runtime.CompilerServices.TaskAwaiter.ThrowForNonSuccess(Task task)
   在 System.Runtime.CompilerServices.TaskAwaiter.HandleNonSuccessAndDebuggerNotification(Task task)
   在 System.Runtime.CompilerServices.TaskAwaiter.GetResult()
   在 AIC.DatabaseService.LoginUserService.<LazyLoading>d__25.MoveNext() 位置 D:\SupportProject\AIC_HUD\AICHUD\AIC.DatabaseService\LoginUserService.cs:行号 174
--- 引发异常的上一位置中堆栈跟踪的末尾 ---
   在 System.Runtime.CompilerServices.TaskAwaiter.ThrowForNonSuccess(Task task)
   在 System.Runtime.CompilerServices.TaskAwaiter.HandleNonSuccessAndDebuggerNotification(Task task)
   在 System.Runtime.CompilerServices.TaskAwaiter.GetResult()
   在 AIC.HomePage.ViewModels.LoginViewModel.<LoginManage_LoginChanged>d__24.MoveNext() 位置 D:\SupportProject\AIC_HUD\AICHUD\AIC.HomePage\ViewModels\LoginViewModel.cs:行号 130

-----------------------------------------
时间:2017-11-08 10:55:13,357 
级别:ERROR 
类名:AIC.DatabaseService.LoginUserService
文件:D:\SupportProject\AIC_HUD\AICHUD\AIC.DatabaseService\LoginUserService.cs 第288行
日志内容:mscorlib
-----------------------------------------

System.Collections.Generic.KeyNotFoundException: 给定关键字不在字典中。
   在 System.Collections.Generic.Dictionary`2.get_Item(TKey key)
   在 AIC.DatabaseService.DatabaseComponent.<LoadHardwave>d__54.MoveNext() 位置 D:\SupportProject\AIC_HUD\AICHUD\AIC.DatabaseService\DatabaseComponent.cs:行号 373

-----------------------------------------
时间:2017-11-08 10:58:33,988 
级别:ERROR 
类名:AIC.DatabaseService.LoginUserService
文件:D:\SupportProject\AIC_HUD\AICHUD\AIC.DatabaseService\LoginUserService.cs 第288行
日志内容:登录异常
-----------------------------------------

System.Exception: 数据库初始化失败 ---> System.Collections.Generic.KeyNotFoundException: 给定关键字不在字典中。
   在 System.Collections.Generic.Dictionary`2.get_Item(TKey key)
   在 AIC.DatabaseService.DatabaseComponent.<LoadHardwave>d__54.MoveNext() 位置 D:\SupportProject\AIC_HUD\AICHUD\AIC.DatabaseService\DatabaseComponent.cs:行号 373
   --- 内部异常堆栈跟踪的结尾 ---
   在 AIC.DatabaseService.DatabaseComponent.<LoadHardwave>d__54.MoveNext() 位置 D:\SupportProject\AIC_HUD\AICHUD\AIC.DatabaseService\DatabaseComponent.cs:行号 377
--- 引发异常的上一位置中堆栈跟踪的末尾 ---
   在 System.Runtime.CompilerServices.TaskAwaiter.ThrowForNonSuccess(Task task)
   在 System.Runtime.CompilerServices.TaskAwaiter.HandleNonSuccessAndDebuggerNotification(Task task)
   在 System.Runtime.CompilerServices.TaskAwaiter.GetResult()
   在 AIC.DatabaseService.LoginUserService.<LazyLoading>d__25.MoveNext() 位置 D:\SupportProject\AIC_HUD\AICHUD\AIC.DatabaseService\LoginUserService.cs:行号 174
--- 引发异常的上一位置中堆栈跟踪的末尾 ---
   在 System.Runtime.CompilerServices.TaskAwaiter.ThrowForNonSuccess(Task task)
   在 System.Runtime.CompilerServices.TaskAwaiter.HandleNonSuccessAndDebuggerNotification(Task task)
   在 System.Runtime.CompilerServices.TaskAwaiter.GetResult()
   在 AIC.HomePage.ViewModels.LoginViewModel.<LoginManage_LoginChanged>d__24.MoveNext() 位置 D:\SupportProject\AIC_HUD\AICHUD\AIC.HomePage\ViewModels\LoginViewModel.cs:行号 130

-----------------------------------------
时间:2017-11-08 10:58:34,001 
级别:ERROR 
类名:AIC.DatabaseService.LoginUserService
文件:D:\SupportProject\AIC_HUD\AICHUD\AIC.DatabaseService\LoginUserService.cs 第288行
日志内容:mscorlib
-----------------------------------------

System.Collections.Generic.KeyNotFoundException: 给定关键字不在字典中。
   在 System.Collections.Generic.Dictionary`2.get_Item(TKey key)
   在 AIC.DatabaseService.DatabaseComponent.<LoadHardwave>d__54.MoveNext() 位置 D:\SupportProject\AIC_HUD\AICHUD\AIC.DatabaseService\DatabaseComponent.cs:行号 373

-----------------------------------------
时间:2017-11-08 11:11:20,249 
级别:ERROR 
类名:AIC.DatabaseService.LoginUserService
文件:D:\SupportProject\AIC_HUD\AICHUD\AIC.DatabaseService\LoginUserService.cs 第288行
日志内容:登录异常
-----------------------------------------

System.Exception: 数据库初始化失败 ---> System.Collections.Generic.KeyNotFoundException: 给定关键字不在字典中。
   在 System.Collections.Generic.Dictionary`2.get_Item(TKey key)
   在 AIC.DatabaseService.DatabaseComponent.<LoadHardwave>d__54.MoveNext() 位置 D:\SupportProject\AIC_HUD\AICHUD\AIC.DatabaseService\DatabaseComponent.cs:行号 373
   --- 内部异常堆栈跟踪的结尾 ---
   在 AIC.DatabaseService.DatabaseComponent.<LoadHardwave>d__54.MoveNext() 位置 D:\SupportProject\AIC_HUD\AICHUD\AIC.DatabaseService\DatabaseComponent.cs:行号 377
--- 引发异常的上一位置中堆栈跟踪的末尾 ---
   在 System.Runtime.CompilerServices.TaskAwaiter.ThrowForNonSuccess(Task task)
   在 System.Runtime.CompilerServices.TaskAwaiter.HandleNonSuccessAndDebuggerNotification(Task task)
   在 System.Runtime.CompilerServices.TaskAwaiter.GetResult()
   在 AIC.DatabaseService.LoginUserService.<LazyLoading>d__25.MoveNext() 位置 D:\SupportProject\AIC_HUD\AICHUD\AIC.DatabaseService\LoginUserService.cs:行号 174
--- 引发异常的上一位置中堆栈跟踪的末尾 ---
   在 System.Runtime.CompilerServices.TaskAwaiter.ThrowForNonSuccess(Task task)
   在 System.Runtime.CompilerServices.TaskAwaiter.HandleNonSuccessAndDebuggerNotification(Task task)
   在 System.Runtime.CompilerServices.TaskAwaiter.GetResult()
   在 AIC.HomePage.ViewModels.MainRegionViewModel.<LoginManage_LoginChanged>d__164.MoveNext() 位置 D:\SupportProject\AIC_HUD\AICHUD\AIC.HomePage\ViewModels\MainRegionViewModel.cs:行号 621

-----------------------------------------
时间:2017-11-08 11:11:20,262 
级别:ERROR 
类名:AIC.DatabaseService.LoginUserService
文件:D:\SupportProject\AIC_HUD\AICHUD\AIC.DatabaseService\LoginUserService.cs 第288行
日志内容:mscorlib
-----------------------------------------

System.Collections.Generic.KeyNotFoundException: 给定关键字不在字典中。
   在 System.Collections.Generic.Dictionary`2.get_Item(TKey key)
   在 AIC.DatabaseService.DatabaseComponent.<LoadHardwave>d__54.MoveNext() 位置 D:\SupportProject\AIC_HUD\AICHUD\AIC.DatabaseService\DatabaseComponent.cs:行号 373

-----------------------------------------
时间:2017-11-08 11:42:31,764 
级别:FATAL 
类名:AICAir.MyApp
文件:D:\SupportProject\AIC_HUD\AICHUD\AICAir\MyApp.xaml.cs 第47行
日志内容:System.InvalidOperationException: 无法在“System.Windows.Controls.ControlTemplate”的名称领域内找到“grid”名称。
   在 System.Windows.Media.Animation.Storyboard.ResolveTargetName(String targetName, INameScope nameScope, DependencyObject element)
   在 System.Windows.Media.Animation.Storyboard.ClockTreeWalkRecursive(Clock currentClock, DependencyObject containingObject, INameScope nameScope, DependencyObject parentObject, String parentObjectName, PropertyPath parentPropertyPath, HandoffBehavior handoffBehavior, HybridDictionary clockMappings, Int64 layer)
   在 System.Windows.Media.Animation.Storyboard.ClockTreeWalkRecursive(Clock currentClock, DependencyObject containingObject, INameScope nameScope, DependencyObject parentObject, String parentObjectName, PropertyPath parentPropertyPath, HandoffBehavior handoffBehavior, HybridDictionary clockMappings, Int64 layer)
   在 System.Windows.Media.Animation.Storyboard.BeginCommon(DependencyObject containingObject, INameScope nameScope, HandoffBehavior handoffBehavior, Boolean isControllable, Int64 layer)
   在 System.Windows.Media.Animation.BeginStoryboard.Begin(DependencyObject targetObject, INameScope nameScope, Int64 layer)
   在 System.Windows.Media.Animation.BeginStoryboard.Invoke(FrameworkElement fe, FrameworkContentElement fce, Style targetStyle, FrameworkTemplate frameworkTemplate, Int64 layer)
   在 System.Windows.StyleHelper.InvokeEventTriggerActions(FrameworkElement fe, FrameworkContentElement fce, Style ownerStyle, FrameworkTemplate frameworkTemplate, Int32 childIndex, RoutedEvent Event)
   在 System.Windows.StyleHelper.ExecuteEventTriggerActionsOnContainer(Object sender, RoutedEventArgs e)
   在 System.Windows.RoutedEventHandlerInfo.InvokeHandler(Object target, RoutedEventArgs routedEventArgs)
   在 System.Windows.EventRoute.InvokeHandlersImpl(Object source, RoutedEventArgs args, Boolean reRaised)
   在 System.Windows.UIElement.RaiseEventImpl(DependencyObject sender, RoutedEventArgs args)
   在 System.Windows.UIElement.RaiseEvent(RoutedEventArgs e)
   在 System.Windows.BroadcastEventHelper.BroadcastEvent(DependencyObject root, RoutedEvent routedEvent)
   在 System.Windows.BroadcastEventHelper.BroadcastLoadedEvent(Object root)
   在 MS.Internal.LoadedOrUnloadedOperation.DoWork()
   在 System.Windows.Media.MediaContext.FireLoadedPendingCallbacks()
   在 System.Windows.Media.MediaContext.FireInvokeOnRenderCallbacks()
   在 System.Windows.Media.MediaContext.RenderMessageHandlerCore(Object resizedCompositionTarget)
   在 System.Windows.Media.MediaContext.RenderMessageHandler(Object resizedCompositionTarget)
   在 System.Windows.Threading.ExceptionWrapper.InternalRealCall(Delegate callback, Object args, Int32 numArgs)
   在 System.Windows.Threading.ExceptionWrapper.TryCatchWhen(Object source, Delegate callback, Object args, Int32 numArgs, Delegate catchHandler)
-----------------------------------------


-----------------------------------------
时间:2017-11-08 11:51:55,487 
级别:FATAL 
类名:AICAir.MyApp
文件:D:\SupportProject\AIC_HUD\AICHUD\AICAir\MyApp.xaml.cs 第47行
日志内容:System.InvalidOperationException: 无法在“System.Windows.Controls.ControlTemplate”的名称领域内找到“grid”名称。
   在 System.Windows.Media.Animation.Storyboard.ResolveTargetName(String targetName, INameScope nameScope, DependencyObject element)
   在 System.Windows.Media.Animation.Storyboard.ClockTreeWalkRecursive(Clock currentClock, DependencyObject containingObject, INameScope nameScope, DependencyObject parentObject, String parentObjectName, PropertyPath parentPropertyPath, HandoffBehavior handoffBehavior, HybridDictionary clockMappings, Int64 layer)
   在 System.Windows.Media.Animation.Storyboard.ClockTreeWalkRecursive(Clock currentClock, DependencyObject containingObject, INameScope nameScope, DependencyObject parentObject, String parentObjectName, PropertyPath parentPropertyPath, HandoffBehavior handoffBehavior, HybridDictionary clockMappings, Int64 layer)
   在 System.Windows.Media.Animation.Storyboard.BeginCommon(DependencyObject containingObject, INameScope nameScope, HandoffBehavior handoffBehavior, Boolean isControllable, Int64 layer)
   在 System.Windows.Media.Animation.BeginStoryboard.Begin(DependencyObject targetObject, INameScope nameScope, Int64 layer)
   在 System.Windows.Media.Animation.BeginStoryboard.Invoke(FrameworkElement fe, FrameworkContentElement fce, Style targetStyle, FrameworkTemplate frameworkTemplate, Int64 layer)
   在 System.Windows.StyleHelper.InvokeEventTriggerActions(FrameworkElement fe, FrameworkContentElement fce, Style ownerStyle, FrameworkTemplate frameworkTemplate, Int32 childIndex, RoutedEvent Event)
   在 System.Windows.StyleHelper.ExecuteEventTriggerActionsOnContainer(Object sender, RoutedEventArgs e)
   在 System.Windows.RoutedEventHandlerInfo.InvokeHandler(Object target, RoutedEventArgs routedEventArgs)
   在 System.Windows.EventRoute.InvokeHandlersImpl(Object source, RoutedEventArgs args, Boolean reRaised)
   在 System.Windows.UIElement.RaiseEventImpl(DependencyObject sender, RoutedEventArgs args)
   在 System.Windows.UIElement.RaiseEvent(RoutedEventArgs e)
   在 System.Windows.BroadcastEventHelper.BroadcastEvent(DependencyObject root, RoutedEvent routedEvent)
   在 System.Windows.BroadcastEventHelper.BroadcastLoadedEvent(Object root)
   在 MS.Internal.LoadedOrUnloadedOperation.DoWork()
   在 System.Windows.Media.MediaContext.FireLoadedPendingCallbacks()
   在 System.Windows.Media.MediaContext.FireInvokeOnRenderCallbacks()
   在 System.Windows.Media.MediaContext.RenderMessageHandlerCore(Object resizedCompositionTarget)
   在 System.Windows.Media.MediaContext.RenderMessageHandler(Object resizedCompositionTarget)
   在 System.Windows.Threading.ExceptionWrapper.InternalRealCall(Delegate callback, Object args, Int32 numArgs)
   在 System.Windows.Threading.ExceptionWrapper.TryCatchWhen(Object source, Delegate callback, Object args, Int32 numArgs, Delegate catchHandler)
-----------------------------------------


-----------------------------------------
时间:2017-11-08 11:55:13,137 
级别:FATAL 
类名:AICAir.MyApp
文件:D:\SupportProject\AIC_HUD\AICHUD\AICAir\MyApp.xaml.cs 第47行
日志内容:System.InvalidOperationException: 无法在“System.Windows.Controls.ControlTemplate”的名称领域内找到“grid”名称。
   在 System.Windows.Media.Animation.Storyboard.ResolveTargetName(String targetName, INameScope nameScope, DependencyObject element)
   在 System.Windows.Media.Animation.Storyboard.ClockTreeWalkRecursive(Clock currentClock, DependencyObject containingObject, INameScope nameScope, DependencyObject parentObject, String parentObjectName, PropertyPath parentPropertyPath, HandoffBehavior handoffBehavior, HybridDictionary clockMappings, Int64 layer)
   在 System.Windows.Media.Animation.Storyboard.ClockTreeWalkRecursive(Clock currentClock, DependencyObject containingObject, INameScope nameScope, DependencyObject parentObject, String parentObjectName, PropertyPath parentPropertyPath, HandoffBehavior handoffBehavior, HybridDictionary clockMappings, Int64 layer)
   在 System.Windows.Media.Animation.Storyboard.BeginCommon(DependencyObject containingObject, INameScope nameScope, HandoffBehavior handoffBehavior, Boolean isControllable, Int64 layer)
   在 System.Windows.Media.Animation.BeginStoryboard.Begin(DependencyObject targetObject, INameScope nameScope, Int64 layer)
   在 System.Windows.Media.Animation.BeginStoryboard.Invoke(FrameworkElement fe, FrameworkContentElement fce, Style targetStyle, FrameworkTemplate frameworkTemplate, Int64 layer)
   在 System.Windows.StyleHelper.InvokeEventTriggerActions(FrameworkElement fe, FrameworkContentElement fce, Style ownerStyle, FrameworkTemplate frameworkTemplate, Int32 childIndex, RoutedEvent Event)
   在 System.Windows.StyleHelper.ExecuteEventTriggerActionsOnContainer(Object sender, RoutedEventArgs e)
   在 System.Windows.RoutedEventHandlerInfo.InvokeHandler(Object target, RoutedEventArgs routedEventArgs)
   在 System.Windows.EventRoute.InvokeHandlersImpl(Object source, RoutedEventArgs args, Boolean reRaised)
   在 System.Windows.UIElement.RaiseEventImpl(DependencyObject sender, RoutedEventArgs args)
   在 System.Windows.UIElement.RaiseEvent(RoutedEventArgs e)
   在 System.Windows.BroadcastEventHelper.BroadcastEvent(DependencyObject root, RoutedEvent routedEvent)
   在 System.Windows.BroadcastEventHelper.BroadcastLoadedEvent(Object root)
   在 MS.Internal.LoadedOrUnloadedOperation.DoWork()
   在 System.Windows.Media.MediaContext.FireLoadedPendingCallbacks()
   在 System.Windows.Media.MediaContext.FireInvokeOnRenderCallbacks()
   在 System.Windows.Media.MediaContext.RenderMessageHandlerCore(Object resizedCompositionTarget)
   在 System.Windows.Media.MediaContext.AnimatedRenderMessageHandler(Object resizedCompositionTarget)
   在 System.Windows.Threading.ExceptionWrapper.InternalRealCall(Delegate callback, Object args, Int32 numArgs)
   在 System.Windows.Threading.ExceptionWrapper.TryCatchWhen(Object source, Delegate callback, Object args, Int32 numArgs, Delegate catchHandler)
-----------------------------------------

