
-----------------------------------------
时间:2017-11-06 09:30:49,896 
级别:FATAL 
类名:AICAir.MyApp
文件:D:\SupportProject\AIC_HUD\AICHUD\AICAir\MyApp.xaml.cs 第47行
日志内容:System.ComponentModel.Win32Exception (0x80004005): 配额不足，无法处理此命令。
   在 MS.Win32.UnsafeNativeMethods.PostMessage(HandleRef hwnd, WindowMessage msg, IntPtr wparam, IntPtr lparam)
   在 System.Windows.Interop.HwndTarget.UpdateWindowSettings(Boolean enableRenderTarget, Nullable`1 channelSet)
   在 System.Windows.Interop.HwndTarget.UpdateWindowPos(IntPtr lParam)
   在 System.Windows.Interop.HwndTarget.HandleMessage(WindowMessage msg, IntPtr wparam, IntPtr lparam)
   在 System.Windows.Interop.HwndSource.HwndTargetFilterMessage(IntPtr hwnd, Int32 msg, IntPtr wParam, IntPtr lParam, Boolean& handled)
   在 MS.Win32.HwndWrapper.WndProc(IntPtr hwnd, Int32 msg, IntPtr wParam, IntPtr lParam, Boolean& handled)
   在 MS.Win32.HwndSubclass.DispatcherCallbackOperation(Object o)
   在 System.Windows.Threading.ExceptionWrapper.InternalRealCall(Delegate callback, Object args, Int32 numArgs)
   在 System.Windows.Threading.ExceptionWrapper.TryCatchWhen(Object source, Delegate callback, Object args, Int32 numArgs, Delegate catchHandler)
-----------------------------------------


-----------------------------------------
时间:2017-11-06 09:35:30,428 
级别:ERROR 
类名:AIC.DatabaseService.LoginUserService
文件:D:\SupportProject\AIC_HUD\AICHUD\AIC.DatabaseService\LoginUserService.cs 第313行
日志内容:登录异常
-----------------------------------------

System.Threading.SynchronizationLockException: 从不同步的代码块中调用了对象同步方法。
   在 System.Threading.Monitor.ObjPulse(Object obj)
   在 System.Threading.Monitor.Pulse(Object obj)
   在 AIC.DatabaseService.LoginUserService.<LazyLoading>d__25.MoveNext() 位置 D:\SupportProject\AIC_HUD\AICHUD\AIC.DatabaseService\LoginUserService.cs:行号 208
--- 引发异常的上一位置中堆栈跟踪的末尾 ---
   在 System.Runtime.CompilerServices.TaskAwaiter.ThrowForNonSuccess(Task task)
   在 System.Runtime.CompilerServices.TaskAwaiter.HandleNonSuccessAndDebuggerNotification(Task task)
   在 System.Runtime.CompilerServices.TaskAwaiter.GetResult()
   在 AIC.HomePage.ViewModels.MainRegionViewModel.<Login>d__12.MoveNext() 位置 D:\SupportProject\AIC_HUD\AICHUD\AIC.HomePage\ViewModels\MainRegionViewModel.cs:行号 140

-----------------------------------------
时间:2017-11-06 12:50:46,214 
级别:ERROR 
类名:CitizenSoftwareLib.Network.Socket.TCPClient
文件:D:\SupportProject\AIC_HUD\AICHUD\AIC9600Client\CitizenSoftwareLib.Network\Socket\TCPClient.cs 第98行
日志内容:System.Net.Sockets.SocketException (0x80004005): 由于连接方在一段时间后没有正确答复或连接的主机没有反应，连接尝试失败。 192.168.0.116:9601
   在 System.Net.Sockets.TcpClient.Connect(String hostname, Int32 port)
   在 CitizenSoftwareLib.Network.Socket.TCPClient.ThreadConnect(Object obj) 位置 D:\SupportProject\AIC_HUD\AICHUD\AIC9600Client\CitizenSoftwareLib.Network\Socket\TCPClient.cs:行号 94
-----------------------------------------


-----------------------------------------
时间:2017-11-06 12:50:46,214 
级别:ERROR 
类名:CitizenSoftwareLib.Network.Socket.TCPClient
文件:D:\SupportProject\AIC_HUD\AICHUD\AIC9600Client\CitizenSoftwareLib.Network\Socket\TCPClient.cs 第98行
日志内容:System.Net.Sockets.SocketException (0x80004005): 由于连接方在一段时间后没有正确答复或连接的主机没有反应，连接尝试失败。 192.168.0.116:9601
   在 System.Net.Sockets.TcpClient.Connect(String hostname, Int32 port)
   在 CitizenSoftwareLib.Network.Socket.TCPClient.ThreadConnect(Object obj) 位置 D:\SupportProject\AIC_HUD\AICHUD\AIC9600Client\CitizenSoftwareLib.Network\Socket\TCPClient.cs:行号 94
-----------------------------------------


-----------------------------------------
时间:2017-11-06 12:50:46,214 
级别:ERROR 
类名:CitizenSoftwareLib.Network.Socket.TCPClient
文件:D:\SupportProject\AIC_HUD\AICHUD\AIC9600Client\CitizenSoftwareLib.Network\Socket\TCPClient.cs 第98行
日志内容:System.Net.Sockets.SocketException (0x80004005): 由于连接方在一段时间后没有正确答复或连接的主机没有反应，连接尝试失败。 192.168.0.116:9601
   在 System.Net.Sockets.TcpClient.Connect(String hostname, Int32 port)
   在 CitizenSoftwareLib.Network.Socket.TCPClient.ThreadConnect(Object obj) 位置 D:\SupportProject\AIC_HUD\AICHUD\AIC9600Client\CitizenSoftwareLib.Network\Socket\TCPClient.cs:行号 94
-----------------------------------------


-----------------------------------------
时间:2017-11-06 12:50:46,214 
级别:ERROR 
类名:CitizenSoftwareLib.Network.Socket.TCPClient
文件:D:\SupportProject\AIC_HUD\AICHUD\AIC9600Client\CitizenSoftwareLib.Network\Socket\TCPClient.cs 第98行
日志内容:System.Net.Sockets.SocketException (0x80004005): 由于连接方在一段时间后没有正确答复或连接的主机没有反应，连接尝试失败。 192.168.0.116:9601
   在 System.Net.Sockets.TcpClient.Connect(String hostname, Int32 port)
   在 CitizenSoftwareLib.Network.Socket.TCPClient.ThreadConnect(Object obj) 位置 D:\SupportProject\AIC_HUD\AICHUD\AIC9600Client\CitizenSoftwareLib.Network\Socket\TCPClient.cs:行号 94
-----------------------------------------


-----------------------------------------
时间:2017-11-06 12:50:46,214 
级别:ERROR 
类名:CitizenSoftwareLib.Network.Socket.TCPClient
文件:D:\SupportProject\AIC_HUD\AICHUD\AIC9600Client\CitizenSoftwareLib.Network\Socket\TCPClient.cs 第98行
日志内容:System.Net.Sockets.SocketException (0x80004005): 由于连接方在一段时间后没有正确答复或连接的主机没有反应，连接尝试失败。 192.168.0.116:9601
   在 System.Net.Sockets.TcpClient.Connect(String hostname, Int32 port)
   在 CitizenSoftwareLib.Network.Socket.TCPClient.ThreadConnect(Object obj) 位置 D:\SupportProject\AIC_HUD\AICHUD\AIC9600Client\CitizenSoftwareLib.Network\Socket\TCPClient.cs:行号 94
-----------------------------------------


-----------------------------------------
时间:2017-11-06 12:50:46,214 
级别:ERROR 
类名:CitizenSoftwareLib.Network.Socket.TCPClient
文件:D:\SupportProject\AIC_HUD\AICHUD\AIC9600Client\CitizenSoftwareLib.Network\Socket\TCPClient.cs 第98行
日志内容:System.Net.Sockets.SocketException (0x80004005): 由于连接方在一段时间后没有正确答复或连接的主机没有反应，连接尝试失败。 192.168.0.116:9601
   在 System.Net.Sockets.TcpClient.Connect(String hostname, Int32 port)
   在 CitizenSoftwareLib.Network.Socket.TCPClient.ThreadConnect(Object obj) 位置 D:\SupportProject\AIC_HUD\AICHUD\AIC9600Client\CitizenSoftwareLib.Network\Socket\TCPClient.cs:行号 94
-----------------------------------------


-----------------------------------------
时间:2017-11-06 12:50:46,214 
级别:ERROR 
类名:CitizenSoftwareLib.Network.Socket.TCPClient
文件:D:\SupportProject\AIC_HUD\AICHUD\AIC9600Client\CitizenSoftwareLib.Network\Socket\TCPClient.cs 第98行
日志内容:System.Net.Sockets.SocketException (0x80004005): 由于连接方在一段时间后没有正确答复或连接的主机没有反应，连接尝试失败。 192.168.0.116:9601
   在 System.Net.Sockets.TcpClient.Connect(String hostname, Int32 port)
   在 CitizenSoftwareLib.Network.Socket.TCPClient.ThreadConnect(Object obj) 位置 D:\SupportProject\AIC_HUD\AICHUD\AIC9600Client\CitizenSoftwareLib.Network\Socket\TCPClient.cs:行号 94
-----------------------------------------


-----------------------------------------
时间:2017-11-06 14:08:02,306 
级别:ERROR 
类名:CitizenSoftwareLib.Network.Socket.TCPClient
文件:D:\SupportProject\AIC_HUD\AICHUD\AIC9600Client\CitizenSoftwareLib.Network\Socket\TCPClient.cs 第98行
日志内容:System.Net.Sockets.SocketException (0x80004005): 由于连接方在一段时间后没有正确答复或连接的主机没有反应，连接尝试失败。 192.168.0.212:9601
   在 System.Net.Sockets.TcpClient.Connect(String hostname, Int32 port)
   在 CitizenSoftwareLib.Network.Socket.TCPClient.ThreadConnect(Object obj) 位置 D:\SupportProject\AIC_HUD\AICHUD\AIC9600Client\CitizenSoftwareLib.Network\Socket\TCPClient.cs:行号 94
-----------------------------------------


-----------------------------------------
时间:2017-11-06 14:08:10,357 
级别:ERROR 
类名:AIC.DatabaseService.LoginUserService
文件:D:\SupportProject\AIC_HUD\AICHUD\AIC.DatabaseService\LoginUserService.cs 第300行
日志内容:数据库操作
-----------------------------------------

System.Exception: 请确定服务器正常#System.NullReferenceException: 未将对象引用设置到对象的实例。
   在 AIC.M9600.Client.DataProvider.NetworkTransfer.DoTransferReturnDataTexts(TCPMessage request) 位置 D:\SupportProject\AIC_HUD\AICHUD\AIC9600Client\AIC.M9600.Client.DataProvider\NetworkTransfer.cs:行号 215
   在 AIC.M9600.Client.DataProvider.NetworkTransfer.Query(String tableName, ICollection`1 columns, String condition, Object[] args) 位置 D:\SupportProject\AIC_HUD\AICHUD\AIC9600Client\AIC.M9600.Client.DataProvider\NetworkTransfer.cs:行号 42
   在 AIC.M9600.Client.DataProvider.DataProvider.Query[T](ICollection`1 columns, String condition, Object[] args) 位置 D:\SupportProject\AIC_HUD\AICHUD\AIC9600Client\AIC.M9600.Client.DataProvider\DataProvider.cs:行号 49

-----------------------------------------
时间:2017-11-06 14:23:41,188 
级别:ERROR 
类名:CitizenSoftwareLib.Network.Socket.TCPClient
文件:D:\SupportProject\AIC_HUD\AICHUD\AIC9600Client\CitizenSoftwareLib.Network\Socket\TCPClient.cs 第98行
日志内容:System.Net.Sockets.SocketException (0x80004005): 由于连接方在一段时间后没有正确答复或连接的主机没有反应，连接尝试失败。 192.168.0.212:9601
   在 System.Net.Sockets.TcpClient.Connect(String hostname, Int32 port)
   在 CitizenSoftwareLib.Network.Socket.TCPClient.ThreadConnect(Object obj) 位置 D:\SupportProject\AIC_HUD\AICHUD\AIC9600Client\CitizenSoftwareLib.Network\Socket\TCPClient.cs:行号 94
-----------------------------------------


-----------------------------------------
时间:2017-11-06 14:23:49,241 
级别:ERROR 
类名:AIC.DatabaseService.LoginUserService
文件:D:\SupportProject\AIC_HUD\AICHUD\AIC.DatabaseService\LoginUserService.cs 第300行
日志内容:数据库操作
-----------------------------------------

System.Exception: 请确定服务器正常#System.NullReferenceException: 未将对象引用设置到对象的实例。
   在 AIC.M9600.Client.DataProvider.NetworkTransfer.DoTransferReturnDataTexts(TCPMessage request) 位置 D:\SupportProject\AIC_HUD\AICHUD\AIC9600Client\AIC.M9600.Client.DataProvider\NetworkTransfer.cs:行号 215
   在 AIC.M9600.Client.DataProvider.NetworkTransfer.Query(String tableName, ICollection`1 columns, String condition, Object[] args) 位置 D:\SupportProject\AIC_HUD\AICHUD\AIC9600Client\AIC.M9600.Client.DataProvider\NetworkTransfer.cs:行号 42
   在 AIC.M9600.Client.DataProvider.DataProvider.Query[T](ICollection`1 columns, String condition, Object[] args) 位置 D:\SupportProject\AIC_HUD\AICHUD\AIC9600Client\AIC.M9600.Client.DataProvider\DataProvider.cs:行号 49

-----------------------------------------
时间:2017-11-06 14:26:52,860 
级别:ERROR 
类名:CitizenSoftwareLib.Network.Socket.TCPClient
文件:D:\SupportProject\AIC_HUD\AICHUD\AIC9600Client\CitizenSoftwareLib.Network\Socket\TCPClient.cs 第98行
日志内容:System.Net.Sockets.SocketException (0x80004005): 由于连接方在一段时间后没有正确答复或连接的主机没有反应，连接尝试失败。 192.168.0.212:9601
   在 System.Net.Sockets.TcpClient.Connect(String hostname, Int32 port)
   在 CitizenSoftwareLib.Network.Socket.TCPClient.ThreadConnect(Object obj) 位置 D:\SupportProject\AIC_HUD\AICHUD\AIC9600Client\CitizenSoftwareLib.Network\Socket\TCPClient.cs:行号 94
-----------------------------------------


-----------------------------------------
时间:2017-11-06 14:26:55,944 
级别:ERROR 
类名:AIC.DatabaseService.LoginUserService
文件:D:\SupportProject\AIC_HUD\AICHUD\AIC.DatabaseService\LoginUserService.cs 第300行
日志内容:数据库操作
-----------------------------------------

System.Exception: 请确定服务器正常#System.NullReferenceException: 未将对象引用设置到对象的实例。
   在 AIC.M9600.Client.DataProvider.NetworkTransfer.DoTransferReturnDataTexts(TCPMessage request) 位置 D:\SupportProject\AIC_HUD\AICHUD\AIC9600Client\AIC.M9600.Client.DataProvider\NetworkTransfer.cs:行号 215
   在 AIC.M9600.Client.DataProvider.NetworkTransfer.Query(String tableName, ICollection`1 columns, String condition, Object[] args) 位置 D:\SupportProject\AIC_HUD\AICHUD\AIC9600Client\AIC.M9600.Client.DataProvider\NetworkTransfer.cs:行号 42
   在 AIC.M9600.Client.DataProvider.DataProvider.Query[T](ICollection`1 columns, String condition, Object[] args) 位置 D:\SupportProject\AIC_HUD\AICHUD\AIC9600Client\AIC.M9600.Client.DataProvider\DataProvider.cs:行号 49

-----------------------------------------
时间:2017-11-06 14:30:35,347 
级别:ERROR 
类名:CitizenSoftwareLib.Network.Socket.TCPClient
文件:D:\SupportProject\AIC_HUD\AICHUD\AIC9600Client\CitizenSoftwareLib.Network\Socket\TCPClient.cs 第98行
日志内容:System.Net.Sockets.SocketException (0x80004005): 由于连接方在一段时间后没有正确答复或连接的主机没有反应，连接尝试失败。 192.168.0.212:9601
   在 System.Net.Sockets.TcpClient.Connect(String hostname, Int32 port)
   在 CitizenSoftwareLib.Network.Socket.TCPClient.ThreadConnect(Object obj) 位置 D:\SupportProject\AIC_HUD\AICHUD\AIC9600Client\CitizenSoftwareLib.Network\Socket\TCPClient.cs:行号 94
-----------------------------------------


-----------------------------------------
时间:2017-11-06 14:30:38,447 
级别:ERROR 
类名:AIC.DatabaseService.LoginUserService
文件:D:\SupportProject\AIC_HUD\AICHUD\AIC.DatabaseService\LoginUserService.cs 第300行
日志内容:数据库操作
-----------------------------------------

System.Exception: 请确定服务器正常#System.NullReferenceException: 未将对象引用设置到对象的实例。
   在 AIC.M9600.Client.DataProvider.NetworkTransfer.DoTransferReturnDataTexts(TCPMessage request) 位置 D:\SupportProject\AIC_HUD\AICHUD\AIC9600Client\AIC.M9600.Client.DataProvider\NetworkTransfer.cs:行号 215
   在 AIC.M9600.Client.DataProvider.NetworkTransfer.Query(String tableName, ICollection`1 columns, String condition, Object[] args) 位置 D:\SupportProject\AIC_HUD\AICHUD\AIC9600Client\AIC.M9600.Client.DataProvider\NetworkTransfer.cs:行号 42
   在 AIC.M9600.Client.DataProvider.DataProvider.Query[T](ICollection`1 columns, String condition, Object[] args) 位置 D:\SupportProject\AIC_HUD\AICHUD\AIC9600Client\AIC.M9600.Client.DataProvider\DataProvider.cs:行号 49

-----------------------------------------
时间:2017-11-06 14:31:11,881 
级别:ERROR 
类名:CitizenSoftwareLib.Network.Socket.TCPClient
文件:D:\SupportProject\AIC_HUD\AICHUD\AIC9600Client\CitizenSoftwareLib.Network\Socket\TCPClient.cs 第98行
日志内容:System.Net.Sockets.SocketException (0x80004005): 由于连接方在一段时间后没有正确答复或连接的主机没有反应，连接尝试失败。 192.168.0.212:9601
   在 System.Net.Sockets.TcpClient.Connect(String hostname, Int32 port)
   在 CitizenSoftwareLib.Network.Socket.TCPClient.ThreadConnect(Object obj) 位置 D:\SupportProject\AIC_HUD\AICHUD\AIC9600Client\CitizenSoftwareLib.Network\Socket\TCPClient.cs:行号 94
-----------------------------------------


-----------------------------------------
时间:2017-11-06 14:31:14,951 
级别:ERROR 
类名:AIC.DatabaseService.LoginUserService
文件:D:\SupportProject\AIC_HUD\AICHUD\AIC.DatabaseService\LoginUserService.cs 第300行
日志内容:数据库操作
-----------------------------------------

System.Exception: 请确定服务器正常#System.NullReferenceException: 未将对象引用设置到对象的实例。
   在 AIC.M9600.Client.DataProvider.NetworkTransfer.DoTransferReturnDataTexts(TCPMessage request) 位置 D:\SupportProject\AIC_HUD\AICHUD\AIC9600Client\AIC.M9600.Client.DataProvider\NetworkTransfer.cs:行号 215
   在 AIC.M9600.Client.DataProvider.NetworkTransfer.Query(String tableName, ICollection`1 columns, String condition, Object[] args) 位置 D:\SupportProject\AIC_HUD\AICHUD\AIC9600Client\AIC.M9600.Client.DataProvider\NetworkTransfer.cs:行号 42
   在 AIC.M9600.Client.DataProvider.DataProvider.Query[T](ICollection`1 columns, String condition, Object[] args) 位置 D:\SupportProject\AIC_HUD\AICHUD\AIC9600Client\AIC.M9600.Client.DataProvider\DataProvider.cs:行号 49

-----------------------------------------
时间:2017-11-06 14:34:56,862 
级别:ERROR 
类名:CitizenSoftwareLib.Network.Socket.TCPClient
文件:D:\SupportProject\AIC_HUD\AICHUD\AIC9600Client\CitizenSoftwareLib.Network\Socket\TCPClient.cs 第98行
日志内容:System.Net.Sockets.SocketException (0x80004005): 由于连接方在一段时间后没有正确答复或连接的主机没有反应，连接尝试失败。 192.168.0.212:9601
   在 System.Net.Sockets.TcpClient.Connect(String hostname, Int32 port)
   在 CitizenSoftwareLib.Network.Socket.TCPClient.ThreadConnect(Object obj) 位置 D:\SupportProject\AIC_HUD\AICHUD\AIC9600Client\CitizenSoftwareLib.Network\Socket\TCPClient.cs:行号 94
-----------------------------------------


-----------------------------------------
时间:2017-11-06 14:35:04,936 
级别:ERROR 
类名:AIC.DatabaseService.LoginUserService
文件:D:\SupportProject\AIC_HUD\AICHUD\AIC.DatabaseService\LoginUserService.cs 第300行
日志内容:数据库操作
-----------------------------------------

System.Exception: 请确定服务器正常#System.NullReferenceException: 未将对象引用设置到对象的实例。
   在 AIC.M9600.Client.DataProvider.NetworkTransfer.DoTransferReturnDataTexts(TCPMessage request) 位置 D:\SupportProject\AIC_HUD\AICHUD\AIC9600Client\AIC.M9600.Client.DataProvider\NetworkTransfer.cs:行号 215
   在 AIC.M9600.Client.DataProvider.NetworkTransfer.Query(String tableName, ICollection`1 columns, String condition, Object[] args) 位置 D:\SupportProject\AIC_HUD\AICHUD\AIC9600Client\AIC.M9600.Client.DataProvider\NetworkTransfer.cs:行号 42
   在 AIC.M9600.Client.DataProvider.DataProvider.Query[T](ICollection`1 columns, String condition, Object[] args) 位置 D:\SupportProject\AIC_HUD\AICHUD\AIC9600Client\AIC.M9600.Client.DataProvider\DataProvider.cs:行号 49

-----------------------------------------
时间:2017-11-06 14:36:46,692 
级别:ERROR 
类名:AIC.DatabaseService.LoginUserService
文件:D:\SupportProject\AIC_HUD\AICHUD\AIC.DatabaseService\LoginUserService.cs 第300行
日志内容:登录异常
-----------------------------------------

System.Exception: 数据库初始化失败 ---> System.Collections.Generic.KeyNotFoundException: 给定关键字不在字典中。
   在 System.Collections.Generic.Dictionary`2.get_Item(TKey key)
   在 AIC.DatabaseService.DatabaseComponent.<LoadHardwave>d__54.MoveNext() 位置 D:\SupportProject\AIC_HUD\AICHUD\AIC.DatabaseService\DatabaseComponent.cs:行号 373
   --- 内部异常堆栈跟踪的结尾 ---
   在 AIC.DatabaseService.DatabaseComponent.<LoadHardwave>d__54.MoveNext() 位置 D:\SupportProject\AIC_HUD\AICHUD\AIC.DatabaseService\DatabaseComponent.cs:行号 377
--- 引发异常的上一位置中堆栈跟踪的末尾 ---
   在 System.Runtime.CompilerServices.TaskAwaiter.ThrowForNonSuccess(Task task)
   在 System.Runtime.CompilerServices.TaskAwaiter.HandleNonSuccessAndDebuggerNotification(Task task)
   在 System.Runtime.CompilerServices.TaskAwaiter.GetResult()
   在 AIC.DatabaseService.LoginUserService.<LazyLoading>d__25.MoveNext() 位置 D:\SupportProject\AIC_HUD\AICHUD\AIC.DatabaseService\LoginUserService.cs:行号 184
--- 引发异常的上一位置中堆栈跟踪的末尾 ---
   在 System.Runtime.CompilerServices.TaskAwaiter.ThrowForNonSuccess(Task task)
   在 System.Runtime.CompilerServices.TaskAwaiter.HandleNonSuccessAndDebuggerNotification(Task task)
   在 System.Runtime.CompilerServices.TaskAwaiter.GetResult()
   在 AIC.HomePage.ViewModels.LoginViewModel.<Login>d__23.MoveNext() 位置 D:\SupportProject\AIC_HUD\AICHUD\AIC.HomePage\ViewModels\LoginViewModel.cs:行号 126

-----------------------------------------
时间:2017-11-06 14:36:46,707 
级别:ERROR 
类名:AIC.DatabaseService.LoginUserService
文件:D:\SupportProject\AIC_HUD\AICHUD\AIC.DatabaseService\LoginUserService.cs 第300行
日志内容:mscorlib
-----------------------------------------

System.Collections.Generic.KeyNotFoundException: 给定关键字不在字典中。
   在 System.Collections.Generic.Dictionary`2.get_Item(TKey key)
   在 AIC.DatabaseService.DatabaseComponent.<LoadHardwave>d__54.MoveNext() 位置 D:\SupportProject\AIC_HUD\AICHUD\AIC.DatabaseService\DatabaseComponent.cs:行号 373

-----------------------------------------
时间:2017-11-06 14:57:26,866 
级别:ERROR 
类名:CitizenSoftwareLib.Network.Socket.TCPClient
文件:D:\SupportProject\AIC_HUD\AICHUD\AIC9600Client\CitizenSoftwareLib.Network\Socket\TCPClient.cs 第98行
日志内容:System.Net.Sockets.SocketException (0x80004005): 由于连接方在一段时间后没有正确答复或连接的主机没有反应，连接尝试失败。 192.168.0.212:9601
   在 System.Net.Sockets.TcpClient.Connect(String hostname, Int32 port)
   在 CitizenSoftwareLib.Network.Socket.TCPClient.ThreadConnect(Object obj) 位置 D:\SupportProject\AIC_HUD\AICHUD\AIC9600Client\CitizenSoftwareLib.Network\Socket\TCPClient.cs:行号 94
-----------------------------------------


-----------------------------------------
时间:2017-11-06 14:57:34,971 
级别:ERROR 
类名:AIC.DatabaseService.LoginUserService
文件:D:\SupportProject\AIC_HUD\AICHUD\AIC.DatabaseService\LoginUserService.cs 第300行
日志内容:数据库操作
-----------------------------------------

System.Exception: 请确定服务器正常#System.NullReferenceException: 未将对象引用设置到对象的实例。
   在 AIC.M9600.Client.DataProvider.NetworkTransfer.DoTransferReturnDataTexts(TCPMessage request) 位置 D:\SupportProject\AIC_HUD\AICHUD\AIC9600Client\AIC.M9600.Client.DataProvider\NetworkTransfer.cs:行号 215
   在 AIC.M9600.Client.DataProvider.NetworkTransfer.Query(String tableName, ICollection`1 columns, String condition, Object[] args) 位置 D:\SupportProject\AIC_HUD\AICHUD\AIC9600Client\AIC.M9600.Client.DataProvider\NetworkTransfer.cs:行号 42
   在 AIC.M9600.Client.DataProvider.DataProvider.Query[T](ICollection`1 columns, String condition, Object[] args) 位置 D:\SupportProject\AIC_HUD\AICHUD\AIC9600Client\AIC.M9600.Client.DataProvider\DataProvider.cs:行号 49

-----------------------------------------
时间:2017-11-06 14:59:34,272 
级别:ERROR 
类名:CitizenSoftwareLib.Network.Socket.TCPClient
文件:D:\SupportProject\AIC_HUD\AICHUD\AIC9600Client\CitizenSoftwareLib.Network\Socket\TCPClient.cs 第98行
日志内容:System.Net.Sockets.SocketException (0x80004005): 由于连接方在一段时间后没有正确答复或连接的主机没有反应，连接尝试失败。 192.168.0.212:9601
   在 System.Net.Sockets.TcpClient.Connect(String hostname, Int32 port)
   在 CitizenSoftwareLib.Network.Socket.TCPClient.ThreadConnect(Object obj) 位置 D:\SupportProject\AIC_HUD\AICHUD\AIC9600Client\CitizenSoftwareLib.Network\Socket\TCPClient.cs:行号 94
-----------------------------------------


-----------------------------------------
时间:2017-11-06 14:59:42,322 
级别:ERROR 
类名:AIC.DatabaseService.LoginUserService
文件:D:\SupportProject\AIC_HUD\AICHUD\AIC.DatabaseService\LoginUserService.cs 第300行
日志内容:数据库操作
-----------------------------------------

System.Exception: 请确定服务器正常#System.NullReferenceException: 未将对象引用设置到对象的实例。
   在 AIC.M9600.Client.DataProvider.NetworkTransfer.DoTransferReturnDataTexts(TCPMessage request) 位置 D:\SupportProject\AIC_HUD\AICHUD\AIC9600Client\AIC.M9600.Client.DataProvider\NetworkTransfer.cs:行号 215
   在 AIC.M9600.Client.DataProvider.NetworkTransfer.Query(String tableName, ICollection`1 columns, String condition, Object[] args) 位置 D:\SupportProject\AIC_HUD\AICHUD\AIC9600Client\AIC.M9600.Client.DataProvider\NetworkTransfer.cs:行号 42
   在 AIC.M9600.Client.DataProvider.DataProvider.Query[T](ICollection`1 columns, String condition, Object[] args) 位置 D:\SupportProject\AIC_HUD\AICHUD\AIC9600Client\AIC.M9600.Client.DataProvider\DataProvider.cs:行号 49

-----------------------------------------
时间:2017-11-06 15:01:02,608 
级别:ERROR 
类名:CitizenSoftwareLib.Network.Socket.TCPClient
文件:D:\SupportProject\AIC_HUD\AICHUD\AIC9600Client\CitizenSoftwareLib.Network\Socket\TCPClient.cs 第98行
日志内容:System.Net.Sockets.SocketException (0x80004005): 由于连接方在一段时间后没有正确答复或连接的主机没有反应，连接尝试失败。 192.168.0.212:9601
   在 System.Net.Sockets.TcpClient.Connect(String hostname, Int32 port)
   在 CitizenSoftwareLib.Network.Socket.TCPClient.ThreadConnect(Object obj) 位置 D:\SupportProject\AIC_HUD\AICHUD\AIC9600Client\CitizenSoftwareLib.Network\Socket\TCPClient.cs:行号 94
-----------------------------------------


-----------------------------------------
时间:2017-11-06 15:01:10,692 
级别:ERROR 
类名:AIC.DatabaseService.LoginUserService
文件:D:\SupportProject\AIC_HUD\AICHUD\AIC.DatabaseService\LoginUserService.cs 第300行
日志内容:数据库操作
-----------------------------------------

System.Exception: 请确定服务器正常#System.NullReferenceException: 未将对象引用设置到对象的实例。
   在 AIC.M9600.Client.DataProvider.NetworkTransfer.DoTransferReturnDataTexts(TCPMessage request) 位置 D:\SupportProject\AIC_HUD\AICHUD\AIC9600Client\AIC.M9600.Client.DataProvider\NetworkTransfer.cs:行号 215
   在 AIC.M9600.Client.DataProvider.NetworkTransfer.Query(String tableName, ICollection`1 columns, String condition, Object[] args) 位置 D:\SupportProject\AIC_HUD\AICHUD\AIC9600Client\AIC.M9600.Client.DataProvider\NetworkTransfer.cs:行号 42
   在 AIC.M9600.Client.DataProvider.DataProvider.Query[T](ICollection`1 columns, String condition, Object[] args) 位置 D:\SupportProject\AIC_HUD\AICHUD\AIC9600Client\AIC.M9600.Client.DataProvider\DataProvider.cs:行号 49

-----------------------------------------
时间:2017-11-06 15:01:39,426 
级别:ERROR 
类名:CitizenSoftwareLib.Network.Socket.TCPClient
文件:D:\SupportProject\AIC_HUD\AICHUD\AIC9600Client\CitizenSoftwareLib.Network\Socket\TCPClient.cs 第98行
日志内容:System.Net.Sockets.SocketException (0x80004005): 由于连接方在一段时间后没有正确答复或连接的主机没有反应，连接尝试失败。 192.168.0.212:9601
   在 System.Net.Sockets.TcpClient.Connect(String hostname, Int32 port)
   在 CitizenSoftwareLib.Network.Socket.TCPClient.ThreadConnect(Object obj) 位置 D:\SupportProject\AIC_HUD\AICHUD\AIC9600Client\CitizenSoftwareLib.Network\Socket\TCPClient.cs:行号 94
-----------------------------------------


-----------------------------------------
时间:2017-11-06 15:01:47,069 
级别:ERROR 
类名:CitizenSoftwareLib.Network.Socket.TCPClient
文件:D:\SupportProject\AIC_HUD\AICHUD\AIC9600Client\CitizenSoftwareLib.Network\Socket\TCPClient.cs 第98行
日志内容:System.Net.Sockets.SocketException (0x80004005): 由于连接方在一段时间后没有正确答复或连接的主机没有反应，连接尝试失败。 192.168.0.212:9601
   在 System.Net.Sockets.TcpClient.Connect(String hostname, Int32 port)
   在 CitizenSoftwareLib.Network.Socket.TCPClient.ThreadConnect(Object obj) 位置 D:\SupportProject\AIC_HUD\AICHUD\AIC9600Client\CitizenSoftwareLib.Network\Socket\TCPClient.cs:行号 94
-----------------------------------------


-----------------------------------------
时间:2017-11-06 15:01:47,533 
级别:ERROR 
类名:AIC.DatabaseService.LoginUserService
文件:D:\SupportProject\AIC_HUD\AICHUD\AIC.DatabaseService\LoginUserService.cs 第310行
日志内容:未处理的严重异常
-----------------------------------------

System.NotSupportedException: 该类型的 CollectionView 不支持从调度程序线程以外的线程对其 SourceCollection 进行的更改。
   在 System.Windows.Data.CollectionView.OnCollectionChanged(Object sender, NotifyCollectionChangedEventArgs args)
   在 System.Collections.ObjectModel.ObservableCollection`1.OnCollectionChanged(NotifyCollectionChangedEventArgs e)
   在 System.Collections.ObjectModel.ObservableCollection`1.InsertItem(Int32 index, T item)
   在 System.Collections.ObjectModel.Collection`1.Add(T item)
   在 AIC.DatabaseService.LoginUserService.ManageException(Tuple`2 tuple) 位置 D:\SupportProject\AIC_HUD\AICHUD\AIC.DatabaseService\LoginUserService.cs:行号 298

-----------------------------------------
时间:2017-11-06 15:25:54,860 
级别:ERROR 
类名:CitizenSoftwareLib.Network.Socket.TCPClient
文件:D:\SupportProject\AIC_HUD\AICHUD\AIC9600Client\CitizenSoftwareLib.Network\Socket\TCPClient.cs 第98行
日志内容:System.Net.Sockets.SocketException (0x80004005): 由于连接方在一段时间后没有正确答复或连接的主机没有反应，连接尝试失败。 192.168.0.212:9601
   在 System.Net.Sockets.TcpClient.Connect(String hostname, Int32 port)
   在 CitizenSoftwareLib.Network.Socket.TCPClient.ThreadConnect(Object obj) 位置 D:\SupportProject\AIC_HUD\AICHUD\AIC9600Client\CitizenSoftwareLib.Network\Socket\TCPClient.cs:行号 94
-----------------------------------------


-----------------------------------------
时间:2017-11-06 15:26:02,961 
级别:ERROR 
类名:AIC.DatabaseService.LoginUserService
文件:D:\SupportProject\AIC_HUD\AICHUD\AIC.DatabaseService\LoginUserService.cs 第300行
日志内容:数据库操作
-----------------------------------------

System.Exception: 请确定服务器正常#System.NullReferenceException: 未将对象引用设置到对象的实例。
   在 AIC.M9600.Client.DataProvider.NetworkTransfer.DoTransferReturnDataTexts(TCPMessage request) 位置 D:\SupportProject\AIC_HUD\AICHUD\AIC9600Client\AIC.M9600.Client.DataProvider\NetworkTransfer.cs:行号 215
   在 AIC.M9600.Client.DataProvider.NetworkTransfer.Query(String tableName, ICollection`1 columns, String condition, Object[] args) 位置 D:\SupportProject\AIC_HUD\AICHUD\AIC9600Client\AIC.M9600.Client.DataProvider\NetworkTransfer.cs:行号 42
   在 AIC.M9600.Client.DataProvider.DataProvider.Query[T](ICollection`1 columns, String condition, Object[] args) 位置 D:\SupportProject\AIC_HUD\AICHUD\AIC9600Client\AIC.M9600.Client.DataProvider\DataProvider.cs:行号 49

-----------------------------------------
时间:2017-11-06 16:19:10,353 
级别:FATAL 
类名:AICAir.MyApp
文件:D:\SupportProject\AIC_HUD\AICHUD\AICAir\MyApp.xaml.cs 第47行
日志内容:System.InvalidOperationException: 无法在“System.Windows.Controls.ControlTemplate”的名称领域内找到“grid”名称。
   在 System.Windows.Media.Animation.Storyboard.ResolveTargetName(String targetName, INameScope nameScope, DependencyObject element)
   在 System.Windows.Media.Animation.Storyboard.ClockTreeWalkRecursive(Clock currentClock, DependencyObject containingObject, INameScope nameScope, DependencyObject parentObject, String parentObjectName, PropertyPath parentPropertyPath, HandoffBehavior handoffBehavior, HybridDictionary clockMappings, Int64 layer)
   在 System.Windows.Media.Animation.Storyboard.ClockTreeWalkRecursive(Clock currentClock, DependencyObject containingObject, INameScope nameScope, DependencyObject parentObject, String parentObjectName, PropertyPath parentPropertyPath, HandoffBehavior handoffBehavior, HybridDictionary clockMappings, Int64 layer)
   在 System.Windows.Media.Animation.Storyboard.BeginCommon(DependencyObject containingObject, INameScope nameScope, HandoffBehavior handoffBehavior, Boolean isControllable, Int64 layer)
   在 System.Windows.Media.Animation.BeginStoryboard.Begin(DependencyObject targetObject, INameScope nameScope, Int64 layer)
   在 System.Windows.Media.Animation.BeginStoryboard.Invoke(FrameworkElement fe, FrameworkContentElement fce, Style targetStyle, FrameworkTemplate frameworkTemplate, Int64 layer)
   在 System.Windows.StyleHelper.InvokeEventTriggerActions(FrameworkElement fe, FrameworkContentElement fce, Style ownerStyle, FrameworkTemplate frameworkTemplate, Int32 childIndex, RoutedEvent Event)
   在 System.Windows.StyleHelper.ExecuteEventTriggerActionsOnContainer(Object sender, RoutedEventArgs e)
   在 System.Windows.RoutedEventHandlerInfo.InvokeHandler(Object target, RoutedEventArgs routedEventArgs)
   在 System.Windows.EventRoute.InvokeHandlersImpl(Object source, RoutedEventArgs args, Boolean reRaised)
   在 System.Windows.UIElement.RaiseEventImpl(DependencyObject sender, RoutedEventArgs args)
   在 System.Windows.UIElement.RaiseEvent(RoutedEventArgs e)
   在 System.Windows.BroadcastEventHelper.BroadcastEvent(DependencyObject root, RoutedEvent routedEvent)
   在 System.Windows.BroadcastEventHelper.BroadcastLoadedEvent(Object root)
   在 MS.Internal.LoadedOrUnloadedOperation.DoWork()
   在 System.Windows.Media.MediaContext.FireLoadedPendingCallbacks()
   在 System.Windows.Media.MediaContext.FireInvokeOnRenderCallbacks()
   在 System.Windows.Media.MediaContext.RenderMessageHandlerCore(Object resizedCompositionTarget)
   在 System.Windows.Media.MediaContext.AnimatedRenderMessageHandler(Object resizedCompositionTarget)
   在 System.Windows.Threading.ExceptionWrapper.InternalRealCall(Delegate callback, Object args, Int32 numArgs)
   在 System.Windows.Threading.ExceptionWrapper.TryCatchWhen(Object source, Delegate callback, Object args, Int32 numArgs, Delegate catchHandler)
-----------------------------------------


-----------------------------------------
时间:2017-11-06 16:23:28,959 
级别:FATAL 
类名:AICAir.MyApp
文件:D:\SupportProject\AIC_HUD\AICHUD\AICAir\MyApp.xaml.cs 第47行
日志内容:System.InvalidOperationException: 无法在“System.Windows.Controls.ControlTemplate”的名称领域内找到“grid”名称。
   在 System.Windows.Media.Animation.Storyboard.ResolveTargetName(String targetName, INameScope nameScope, DependencyObject element)
   在 System.Windows.Media.Animation.Storyboard.ClockTreeWalkRecursive(Clock currentClock, DependencyObject containingObject, INameScope nameScope, DependencyObject parentObject, String parentObjectName, PropertyPath parentPropertyPath, HandoffBehavior handoffBehavior, HybridDictionary clockMappings, Int64 layer)
   在 System.Windows.Media.Animation.Storyboard.ClockTreeWalkRecursive(Clock currentClock, DependencyObject containingObject, INameScope nameScope, DependencyObject parentObject, String parentObjectName, PropertyPath parentPropertyPath, HandoffBehavior handoffBehavior, HybridDictionary clockMappings, Int64 layer)
   在 System.Windows.Media.Animation.Storyboard.BeginCommon(DependencyObject containingObject, INameScope nameScope, HandoffBehavior handoffBehavior, Boolean isControllable, Int64 layer)
   在 System.Windows.Media.Animation.BeginStoryboard.Begin(DependencyObject targetObject, INameScope nameScope, Int64 layer)
   在 System.Windows.Media.Animation.BeginStoryboard.Invoke(FrameworkElement fe, FrameworkContentElement fce, Style targetStyle, FrameworkTemplate frameworkTemplate, Int64 layer)
   在 System.Windows.StyleHelper.InvokeEventTriggerActions(FrameworkElement fe, FrameworkContentElement fce, Style ownerStyle, FrameworkTemplate frameworkTemplate, Int32 childIndex, RoutedEvent Event)
   在 System.Windows.StyleHelper.ExecuteEventTriggerActionsOnContainer(Object sender, RoutedEventArgs e)
   在 System.Windows.RoutedEventHandlerInfo.InvokeHandler(Object target, RoutedEventArgs routedEventArgs)
   在 System.Windows.EventRoute.InvokeHandlersImpl(Object source, RoutedEventArgs args, Boolean reRaised)
   在 System.Windows.UIElement.RaiseEventImpl(DependencyObject sender, RoutedEventArgs args)
   在 System.Windows.UIElement.RaiseEvent(RoutedEventArgs e)
   在 System.Windows.BroadcastEventHelper.BroadcastEvent(DependencyObject root, RoutedEvent routedEvent)
   在 System.Windows.BroadcastEventHelper.BroadcastLoadedEvent(Object root)
   在 MS.Internal.LoadedOrUnloadedOperation.DoWork()
   在 System.Windows.Media.MediaContext.FireLoadedPendingCallbacks()
   在 System.Windows.Media.MediaContext.FireInvokeOnRenderCallbacks()
   在 System.Windows.Media.MediaContext.RenderMessageHandlerCore(Object resizedCompositionTarget)
   在 System.Windows.Media.MediaContext.RenderMessageHandler(Object resizedCompositionTarget)
   在 System.Windows.Threading.ExceptionWrapper.InternalRealCall(Delegate callback, Object args, Int32 numArgs)
   在 System.Windows.Threading.ExceptionWrapper.TryCatchWhen(Object source, Delegate callback, Object args, Int32 numArgs, Delegate catchHandler)
-----------------------------------------

