
-----------------------------------------
时间:2017-11-03 16:53:53,193 
级别:ERROR 
类名:AIC.DatabaseService.LoginUserService
文件:D:\SupportProject\AIC_HUD\AICHUD\AIC.DatabaseService\LoginUserService.cs 第281行
日志内容:数据库操作
-----------------------------------------

System.Exception: System.InvalidOperationException: 可为空的对象必须具有一个值。
   在 System.ThrowHelper.ThrowInvalidOperationException(ExceptionResource resource)
   在 System.Nullable`1.get_Value()
   在 AIC.M9600.Server.Core.Service.SlotIndexService.<>c.<GetAllSlotStatisticsInfo>b__20_1(SlotIndexInfo info) 位置 D:\SupportProject\AIC9600Server\AIC.M9600.Server.Core\Service\SlotIndexService.cs:行号 273
   在 System.Linq.Enumerable.ToDictionary[TSource,TKey,TElement](IEnumerable`1 source, Func`2 keySelector, Func`2 elementSelector, IEqualityComparer`1 comparer)
   在 System.Linq.Enumerable.ToDictionary[TSource,TKey,TElement](IEnumerable`1 source, Func`2 keySelector, Func`2 elementSelector)
   在 AIC.M9600.Server.Core.Service.SlotIndexService.GetAllSlotStatisticsInfo() 位置 D:\SupportProject\AIC9600Server\AIC.M9600.Server.Core\Service\SlotIndexService.cs:行号 269
   在 AIC.M9600.Server.Core.Service.SlotIndexService.GetSlotStatisticsInfo(HashSet`1 itemGuids) 位置 D:\SupportProject\AIC9600Server\AIC.M9600.Server.Core\Service\SlotIndexService.cs:行号 284
   在 AIC.M9600.Server.Core.MessageProcessor.WebMessage.QueryStatisticsDataMessage.Process() 位置 D:\SupportProject\AIC9600Server\AIC.M9600.Server.Core\MessageProcessor\WebMessage\QueryStatisticsDataMessage.cs:行号 24
   在 AIC.M9600.Server.Core.MessageProcessor.MessageProcessor.DoResponse(Stream stream, TCPMessage requestMessage, IProcessMessage processMessage) 位置 D:\SupportProject\AIC9600Server\AIC.M9600.Server.Core\MessageProcessor\MessageProcessor.cs:行号 72

-----------------------------------------
时间:2017-11-03 17:00:18,261 
级别:ERROR 
类名:AIC.DatabaseService.LoginUserService
文件:D:\SupportProject\AIC_HUD\AICHUD\AIC.DatabaseService\LoginUserService.cs 第281行
日志内容:数据库操作
-----------------------------------------

System.Exception: System.InvalidOperationException: 可为空的对象必须具有一个值。
   在 System.ThrowHelper.ThrowInvalidOperationException(ExceptionResource resource)
   在 System.Nullable`1.get_Value()
   在 AIC.M9600.Server.Core.Service.SlotIndexService.<>c.<GetAllSlotStatisticsInfo>b__20_1(SlotIndexInfo info) 位置 D:\SupportProject\AIC9600Server\AIC.M9600.Server.Core\Service\SlotIndexService.cs:行号 273
   在 System.Linq.Enumerable.ToDictionary[TSource,TKey,TElement](IEnumerable`1 source, Func`2 keySelector, Func`2 elementSelector, IEqualityComparer`1 comparer)
   在 System.Linq.Enumerable.ToDictionary[TSource,TKey,TElement](IEnumerable`1 source, Func`2 keySelector, Func`2 elementSelector)
   在 AIC.M9600.Server.Core.Service.SlotIndexService.GetAllSlotStatisticsInfo() 位置 D:\SupportProject\AIC9600Server\AIC.M9600.Server.Core\Service\SlotIndexService.cs:行号 269
   在 AIC.M9600.Server.Core.Service.SlotIndexService.GetSlotStatisticsInfo(HashSet`1 itemGuids) 位置 D:\SupportProject\AIC9600Server\AIC.M9600.Server.Core\Service\SlotIndexService.cs:行号 284
   在 AIC.M9600.Server.Core.MessageProcessor.WebMessage.QueryStatisticsDataMessage.Process() 位置 D:\SupportProject\AIC9600Server\AIC.M9600.Server.Core\MessageProcessor\WebMessage\QueryStatisticsDataMessage.cs:行号 24
   在 AIC.M9600.Server.Core.MessageProcessor.MessageProcessor.DoResponse(Stream stream, TCPMessage requestMessage, IProcessMessage processMessage) 位置 D:\SupportProject\AIC9600Server\AIC.M9600.Server.Core\MessageProcessor\MessageProcessor.cs:行号 72

-----------------------------------------
时间:2017-11-03 17:00:18,307 
级别:ERROR 
类名:AIC.DatabaseService.LoginUserService
文件:D:\SupportProject\AIC_HUD\AICHUD\AIC.DatabaseService\LoginUserService.cs 第281行
日志内容:报警统计
-----------------------------------------

System.NullReferenceException: 未将对象引用设置到对象的实例。
   在 AIC.OnLineDataPage.ViewModels.OnlineDataStatisticsViewModel.<Refresh>d__44.MoveNext()

-----------------------------------------
时间:2017-11-03 17:08:12,349 
级别:FATAL 
类名:AICAir.MyApp
文件:D:\SupportProject\AIC_HUD\AICHUD\AICAir\MyApp.xaml.cs 第47行
日志内容:System.InvalidOperationException: 无法在“System.Windows.Controls.ControlTemplate”的名称领域内找到“grid”名称。
   在 System.Windows.Media.Animation.Storyboard.ResolveTargetName(String targetName, INameScope nameScope, DependencyObject element)
   在 System.Windows.Media.Animation.Storyboard.ClockTreeWalkRecursive(Clock currentClock, DependencyObject containingObject, INameScope nameScope, DependencyObject parentObject, String parentObjectName, PropertyPath parentPropertyPath, HandoffBehavior handoffBehavior, HybridDictionary clockMappings, Int64 layer)
   在 System.Windows.Media.Animation.Storyboard.ClockTreeWalkRecursive(Clock currentClock, DependencyObject containingObject, INameScope nameScope, DependencyObject parentObject, String parentObjectName, PropertyPath parentPropertyPath, HandoffBehavior handoffBehavior, HybridDictionary clockMappings, Int64 layer)
   在 System.Windows.Media.Animation.Storyboard.BeginCommon(DependencyObject containingObject, INameScope nameScope, HandoffBehavior handoffBehavior, Boolean isControllable, Int64 layer)
   在 System.Windows.Media.Animation.BeginStoryboard.Begin(DependencyObject targetObject, INameScope nameScope, Int64 layer)
   在 System.Windows.Media.Animation.BeginStoryboard.Invoke(FrameworkElement fe, FrameworkContentElement fce, Style targetStyle, FrameworkTemplate frameworkTemplate, Int64 layer)
   在 System.Windows.StyleHelper.InvokeEventTriggerActions(FrameworkElement fe, FrameworkContentElement fce, Style ownerStyle, FrameworkTemplate frameworkTemplate, Int32 childIndex, RoutedEvent Event)
   在 System.Windows.StyleHelper.ExecuteEventTriggerActionsOnContainer(Object sender, RoutedEventArgs e)
   在 System.Windows.RoutedEventHandlerInfo.InvokeHandler(Object target, RoutedEventArgs routedEventArgs)
   在 System.Windows.EventRoute.InvokeHandlersImpl(Object source, RoutedEventArgs args, Boolean reRaised)
   在 System.Windows.UIElement.RaiseEventImpl(DependencyObject sender, RoutedEventArgs args)
   在 System.Windows.UIElement.RaiseEvent(RoutedEventArgs e)
   在 System.Windows.BroadcastEventHelper.BroadcastEvent(DependencyObject root, RoutedEvent routedEvent)
   在 System.Windows.BroadcastEventHelper.BroadcastLoadedEvent(Object root)
   在 MS.Internal.LoadedOrUnloadedOperation.DoWork()
   在 System.Windows.Media.MediaContext.FireLoadedPendingCallbacks()
   在 System.Windows.Media.MediaContext.FireInvokeOnRenderCallbacks()
   在 System.Windows.Media.MediaContext.RenderMessageHandlerCore(Object resizedCompositionTarget)
   在 System.Windows.Media.MediaContext.RenderMessageHandler(Object resizedCompositionTarget)
   在 System.Windows.Threading.ExceptionWrapper.InternalRealCall(Delegate callback, Object args, Int32 numArgs)
   在 System.Windows.Threading.ExceptionWrapper.TryCatchWhen(Object source, Delegate callback, Object args, Int32 numArgs, Delegate catchHandler)
-----------------------------------------

